0 info it worked if it ends with ok
1 verbose cli [
1 verbose cli   '/usr/local/Cellar/node/13.8.0/bin/node',
1 verbose cli   '/usr/local/bin/npm',
1 verbose cli   'start'
1 verbose cli ]
2 info using npm@3.10.10
3 info using node@v13.8.0
4 verbose run-script [ 'prestart', 'start', 'poststart' ]
5 info lifecycle airbnb@0.1.0~prestart: airbnb@0.1.0
6 silly lifecycle airbnb@0.1.0~prestart: no script for prestart, continuing
7 info lifecycle airbnb@0.1.0~start: airbnb@0.1.0
8 verbose lifecycle airbnb@0.1.0~start: unsafe-perm in lifecycle true
9 verbose lifecycle airbnb@0.1.0~start: PATH: /usr/local/lib/node_modules/npm/bin/node-gyp-bin:/Users/miaochips/Desktop/Others/GitHub/llr_bnb/airbnb/node_modules/.bin:/usr/local/Cellar/node/13.8.0/bin:/Library/Frameworks/Python.framework/Versions/3.7/bin:/usr/local/bin:/usr/bin:/bin:/usr/sbin:/sbin:/usr/local/go/bin:/usr/local/share/dotnet:~/.dotnet/tools:/Library/Frameworks/Python.framework/Versions/3.7/bin:/Users/miaochips/go:/Users/miaochips/go:/usr/local/go/bin
10 verbose lifecycle airbnb@0.1.0~start: CWD: /Users/miaochips/Desktop/Others/GitHub/llr_bnb/airbnb
11 silly lifecycle airbnb@0.1.0~start: Args: [ '-c', 'react-scripts start' ]
12 info lifecycle airbnb@0.1.0~start: Failed to exec start script
13 verbose stack Error: airbnb@0.1.0 start: `react-scripts start`
13 verbose stack spawn ENOENT
13 verbose stack     at ChildProcess.<anonymous> (/usr/local/lib/node_modules/npm/lib/utils/spawn.js:33:16)
13 verbose stack     at ChildProcess.emit (events.js:321:20)
13 verbose stack     at maybeClose (internal/child_process.js:1026:16)
13 verbose stack     at Process.ChildProcess._handle.onexit (internal/child_process.js:286:5)
14 verbose pkgid airbnb@0.1.0
15 verbose cwd /Users/miaochips/Desktop/Others/GitHub/llr_bnb/airbnb
16 error Darwin 19.3.0
17 error argv "/usr/local/Cellar/node/13.8.0/bin/node" "/usr/local/bin/npm" "start"
18 error node v13.8.0
19 error npm  v3.10.10
20 error file sh
21 error code ELIFECYCLE
22 error errno ENOENT
23 error syscall spawn
24 error airbnb@0.1.0 start: `react-scripts start`
24 error spawn ENOENT
25 error Failed at the airbnb@0.1.0 start script 'react-scripts start'.
25 error Make sure you have the latest version of node.js and npm installed.
25 error If you do, this is most likely a problem with the airbnb package,
25 error not with npm itself.
25 error Tell the author that this fails on your system:
25 error     react-scripts start
25 error You can get information on how to open an issue for this project with:
25 error     npm bugs airbnb
25 error Or if that isn't available, you can get their info via:
25 error     npm owner ls airbnb
25 error There is likely additional logging output above.
26 verbose exit [ 1, true ]
